# JRE version: OpenJDK Runtime Environment (8.0_342-b07) (build 1.8.0_342-b07)
# Java VM: OpenJDK 64-Bit Server VM (25.342-b07 mixed mode windows-amd64 compressed oops)
Heap:
 PSYoungGen      total 3723776K, used 1862144K [0x000000066b180000, 0x00000007c0000000, 0x00000007c0000000)
  eden space 1862144K, 100% used [0x000000066b180000,0x00000006dcc00000,0x00000006dcc00000)
  from space 1861632K, 0% used [0x00000006dcc00000,0x00000006dcc00000,0x000000074e600000)
  to   space 1861632K, 0% used [0x000000074e600000,0x000000074e600000,0x00000007c0000000)
 ParOldGen       total 11171328K, used 11171288K [0x00000003c1400000, 0x000000066b180000, 0x000000066b180000)
  object space 11171328K, 99% used [0x00000003c1400000,0x000000066b176000,0x000000066b180000)
 Metaspace       used 59262K, capacity 60301K, committed 60504K, reserved 1101824K
  class space    used 8238K, capacity 8478K, committed 8536K, reserved 1048576K
GC Heap History (10 events):
Event: 356.836 GC heap after
Heap after GC invocations=86 (full 47):
 PSYoungGen      total 3723776K, used 1861570K [0x000000066b180000, 0x00000007c0000000, 0x00000007c0000000)
  eden space 1862144K, 99% used [0x000000066b180000,0x00000006dcb70970,0x00000006dcc00000)
  from space 1861632K, 0% used [0x00000006dcc00000,0x00000006dcc00000,0x000000074e600000)
  to   space 1861632K, 0% used [0x000000074e600000,0x000000074e600000,0x00000007c0000000)
 ParOldGen       total 11171328K, used 11171288K [0x00000003c1400000, 0x000000066b180000, 0x000000066b180000)
  object space 11171328K, 99% used [0x00000003c1400000,0x000000066b176000,0x000000066b180000)
 Metaspace       used 59262K, capacity 60301K, committed 60504K, reserved 1101824K
  class space    used 8238K, capacity 8478K, committed 8536K, reserved 1048576K
}
Event: 356.837 GC heap before
{Heap before GC invocations=87 (full 48):
 PSYoungGen      total 3723776K, used 1862144K [0x000000066b180000, 0x00000007c0000000, 0x00000007c0000000)
  eden space 1862144K, 100% used [0x000000066b180000,0x00000006dcc00000,0x00000006dcc00000)
  from space 1861632K, 0% used [0x00000006dcc00000,0x00000006dcc00000,0x000000074e600000)
  to   space 1861632K, 0% used [0x000000074e600000,0x000000074e600000,0x00000007c0000000)
 ParOldGen       total 11171328K, used 11171288K [0x00000003c1400000, 0x000000066b180000, 0x000000066b180000)
  object space 11171328K, 99% used [0x00000003c1400000,0x000000066b176000,0x000000066b180000)
 Metaspace       used 59262K, capacity 60301K, committed 60504K, reserved 1101824K
  class space    used 8238K, capacity 8478K, committed 8536K, reserved 1048576K
Event: 362.786 GC heap after
Heap after GC invocations=87 (full 48):
 PSYoungGen      total 3723776K, used 1861697K [0x000000066b180000, 0x00000007c0000000, 0x00000007c0000000)
  eden space 1862144K, 99% used [0x000000066b180000,0x00000006dcb905a0,0x00000006dcc00000)
  from space 1861632K, 0% used [0x00000006dcc00000,0x00000006dcc00000,0x000000074e600000)
  to   space 1861632K, 0% used [0x000000074e600000,0x000000074e600000,0x00000007c0000000)
 ParOldGen       total 11171328K, used 11171288K [0x00000003c1400000, 0x000000066b180000, 0x000000066b180000)
  object space 11171328K, 99% used [0x00000003c1400000,0x000000066b176000,0x000000066b180000)
 Metaspace       used 59262K, capacity 60301K, committed 60504K, reserved 1101824K
  class space    used 8238K, capacity 8478K, committed 8536K, reserved 1048576K
}
Event: 362.787 GC heap before
{Heap before GC invocations=88 (full 49):
 PSYoungGen      total 3723776K, used 1862142K [0x000000066b180000, 0x00000007c0000000, 0x00000007c0000000)
  eden space 1862144K, 99% used [0x000000066b180000,0x00000006dcbff8a8,0x00000006dcc00000)
  from space 1861632K, 0% used [0x00000006dcc00000,0x00000006dcc00000,0x000000074e600000)
  to   space 1861632K, 0% used [0x000000074e600000,0x000000074e600000,0x00000007c0000000)
 ParOldGen       total 11171328K, used 11171288K [0x00000003c1400000, 0x000000066b180000, 0x000000066b180000)
  object space 11171328K, 99% used [0x00000003c1400000,0x000000066b176000,0x000000066b180000)
 Metaspace       used 59262K, capacity 60301K, committed 60504K, reserved 1101824K
  class space    used 8238K, capacity 8478K, committed 8536K, reserved 1048576K
Event: 368.809 GC heap after
Heap after GC invocations=88 (full 49):
 PSYoungGen      total 3723776K, used 1861788K [0x000000066b180000, 0x00000007c0000000, 0x00000007c0000000)
  eden space 1862144K, 99% used [0x000000066b180000,0x00000006dcba72f0,0x00000006dcc00000)
  from space 1861632K, 0% used [0x00000006dcc00000,0x00000006dcc00000,0x000000074e600000)
  to   space 1861632K, 0% used [0x000000074e600000,0x000000074e600000,0x00000007c0000000)
 ParOldGen       total 11171328K, used 11171288K [0x00000003c1400000, 0x000000066b180000, 0x000000066b180000)
  object space 11171328K, 99% used [0x00000003c1400000,0x000000066b176000,0x000000066b180000)
 Metaspace       used 59262K, capacity 60301K, committed 60504K, reserved 1101824K
  class space    used 8238K, capacity 8478K, committed 8536K, reserved 1048576K
}
Event: 368.810 GC heap before
{Heap before GC invocations=89 (full 50):
 PSYoungGen      total 3723776K, used 1862144K [0x000000066b180000, 0x00000007c0000000, 0x00000007c0000000)
  eden space 1862144K, 100% used [0x000000066b180000,0x00000006dcc00000,0x00000006dcc00000)
  from space 1861632K, 0% used [0x00000006dcc00000,0x00000006dcc00000,0x000000074e600000)
  to   space 1861632K, 0% used [0x000000074e600000,0x000000074e600000,0x00000007c0000000)
 ParOldGen       total 11171328K, used 11171288K [0x00000003c1400000, 0x000000066b180000, 0x000000066b180000)
  object space 11171328K, 99% used [0x00000003c1400000,0x000000066b176000,0x000000066b180000)
 Metaspace       used 59262K, capacity 60301K, committed 60504K, reserved 1101824K
  class space    used 8238K, capacity 8478K, committed 8536K, reserved 1048576K
Event: 374.802 GC heap after
Heap after GC invocations=89 (full 50):
 PSYoungGen      total 3723776K, used 1861870K [0x000000066b180000, 0x00000007c0000000, 0x00000007c0000000)
  eden space 1862144K, 99% used [0x000000066b180000,0x00000006dcbbb9d8,0x00000006dcc00000)
  from space 1861632K, 0% used [0x00000006dcc00000,0x00000006dcc00000,0x000000074e600000)
  to   space 1861632K, 0% used [0x000000074e600000,0x000000074e600000,0x00000007c0000000)
 ParOldGen       total 11171328K, used 11171288K [0x00000003c1400000, 0x000000066b180000, 0x000000066b180000)
  object space 11171328K, 99% used [0x00000003c1400000,0x000000066b176000,0x000000066b180000)
 Metaspace       used 59262K, capacity 60301K, committed 60504K, reserved 1101824K
  class space    used 8238K, capacity 8478K, committed 8536K, reserved 1048576K
}
Event: 374.803 GC heap before
{Heap before GC invocations=90 (full 51):
 PSYoungGen      total 3723776K, used 1862144K [0x000000066b180000, 0x00000007c0000000, 0x00000007c0000000)
  eden space 1862144K, 100% used [0x000000066b180000,0x00000006dcc00000,0x00000006dcc00000)
  from space 1861632K, 0% used [0x00000006dcc00000,0x00000006dcc00000,0x000000074e600000)
  to   space 1861632K, 0% used [0x000000074e600000,0x000000074e600000,0x00000007c0000000)
 ParOldGen       total 11171328K, used 11171288K [0x00000003c1400000, 0x000000066b180000, 0x000000066b180000)
  object space 11171328K, 99% used [0x00000003c1400000,0x000000066b176000,0x000000066b180000)
 Metaspace       used 59262K, capacity 60301K, committed 60504K, reserved 1101824K
  class space    used 8238K, capacity 8478K, committed 8536K, reserved 1048576K
Event: 380.834 GC heap after
Heap after GC invocations=90 (full 51):
 PSYoungGen      total 3723776K, used 1861922K [0x000000066b180000, 0x00000007c0000000, 0x00000007c0000000)
  eden space 1862144K, 99% used [0x000000066b180000,0x00000006dcbc8988,0x00000006dcc00000)
  from space 1861632K, 0% used [0x00000006dcc00000,0x00000006dcc00000,0x000000074e600000)
  to   space 1861632K, 0% used [0x000000074e600000,0x000000074e600000,0x00000007c0000000)
 ParOldGen       total 11171328K, used 11171288K [0x00000003c1400000, 0x000000066b180000, 0x000000066b180000)
  object space 11171328K, 99% used [0x00000003c1400000,0x000000066b176000,0x000000066b180000)
 Metaspace       used 59262K, capacity 60301K, committed 60504K, reserved 1101824K
  class space    used 8238K, capacity 8478K, committed 8536K, reserved 1048576K
}
Event: 380.835 GC heap before
{Heap before GC invocations=91 (full 52):
 PSYoungGen      total 3723776K, used 1862144K [0x000000066b180000, 0x00000007c0000000, 0x00000007c0000000)
  eden space 1862144K, 100% used [0x000000066b180000,0x00000006dcc00000,0x00000006dcc00000)
  from space 1861632K, 0% used [0x00000006dcc00000,0x00000006dcc00000,0x000000074e600000)
  to   space 1861632K, 0% used [0x000000074e600000,0x000000074e600000,0x00000007c0000000)
 ParOldGen       total 11171328K, used 11171288K [0x00000003c1400000, 0x000000066b180000, 0x000000066b180000)
  object space 11171328K, 99% used [0x00000003c1400000,0x000000066b176000,0x000000066b180000)
 Metaspace       used 59262K, capacity 60301K, committed 60504K, reserved 1101824K
  class space    used 8238K, capacity 8478K, committed 8536K, reserved 1048576K

